<?xml version="1.0" encoding="UTF-8"?>
<TestRun id="890ab042-0c02-4cae-9a8c-3ca4b5e09b54" name="Omar@OMAR-PC 2012-12-01 12:08:29" runUser="Omar-PC\Omar" xmlns="http://microsoft.com/schemas/VisualStudio/TeamTest/2010">
  <TestSettings name="Local" id="4bb0a581-7075-47b7-ba43-58a6bb142cdb">
    <Description>These are default test settings for a local test run.</Description>
    <Deployment enabled="false" runDeploymentRoot="Omar_OMAR-PC 2012-12-01 12_08_29">
      <DeploymentItem filename="D:\Git\ClassicalEncryptionTechniques_Code\EncryptionAlgorithms\bin\Debug\EncryptionAlgorithms.dll" />
    </Deployment>
    <Execution>
      <TestTypeSpecific />
      <AgentRule name="Execution Agents">
      </AgentRule>
    </Execution>
  </TestSettings>
  <Times creation="2012-12-01T12:08:29.7273059+02:00" queuing="2012-12-01T12:08:30.3723428+02:00" start="2012-12-01T12:08:30.4493472+02:00" finish="2012-12-01T12:08:30.9253744+02:00" />
  <ResultSummary outcome="Completed">
    <Counters total="1" executed="1" passed="1" error="0" failed="0" timeout="0" aborted="0" inconclusive="0" passedButRunAborted="0" notRunnable="0" notExecuted="0" disconnected="0" warning="0" completed="0" inProgress="0" pending="0" />
  </ResultSummary>
  <TestDefinitions>
    <UnitTest name="Monoalphabetic_EncryptTest" storage="d:\git\classicalencryptiontechniques_code\unittests\bin\debug\unittests.dll" id="944c0a30-25db-b190-24d9-f73f98119919">
      <Execution id="6d68f2e6-d0d7-4cd7-8400-18e7334d9bae" />
      <TestMethod codeBase="D:/Git/ClassicalEncryptionTechniques_Code/UnitTests/bin/Debug/UnitTests.DLL" adapterTypeName="Microsoft.VisualStudio.TestTools.TestTypes.Unit.UnitTestAdapter, Microsoft.VisualStudio.QualityTools.Tips.UnitTest.Adapter, Version=10.0.0.0, Culture=neutral, PublicKeyToken=b03f5f7f11d50a3a" className="UnitTests.MonoalphabeticTest, UnitTests, Version=1.0.0.0, Culture=neutral, PublicKeyToken=null" name="Monoalphabetic_EncryptTest" />
    </UnitTest>
  </TestDefinitions>
  <TestLists>
    <TestList name="Results Not in a List" id="8c84fa94-04c1-424b-9868-57a2d4851a1d" />
    <TestList name="All Loaded Results" id="19431567-8539-422a-85d7-44ee4e166bda" />
  </TestLists>
  <TestEntries>
    <TestEntry testId="944c0a30-25db-b190-24d9-f73f98119919" executionId="6d68f2e6-d0d7-4cd7-8400-18e7334d9bae" testListId="8c84fa94-04c1-424b-9868-57a2d4851a1d" />
  </TestEntries>
  <Results>
    <UnitTestResult executionId="6d68f2e6-d0d7-4cd7-8400-18e7334d9bae" testId="944c0a30-25db-b190-24d9-f73f98119919" testName="Monoalphabetic_EncryptTest" computerName="OMAR-PC" duration="00:00:00.0378656" startTime="2012-12-01T12:08:30.4713484+02:00" endTime="2012-12-01T12:08:30.8973728+02:00" testType="13cdc9d9-ddb5-4fa4-a97d-d965ccfc6d4b" outcome="Passed" testListId="8c84fa94-04c1-424b-9868-57a2d4851a1d" relativeResultsDirectory="6d68f2e6-d0d7-4cd7-8400-18e7334d9bae">
    </UnitTestResult>
  </Results>
</TestRun>