<?xml version="1.0" encoding="UTF-8"?>
<TestRun id="6527393b-afbb-495b-9876-45cee43d2b31" name="Omar@OMAR-PC 2012-11-25 15:12:18" runUser="Omar-PC\Omar" xmlns="http://microsoft.com/schemas/VisualStudio/TeamTest/2010">
  <TestSettings name="Local" id="4bb0a581-7075-47b7-ba43-58a6bb142cdb">
    <Description>These are default test settings for a local test run.</Description>
    <Deployment enabled="false" runDeploymentRoot="Omar_OMAR-PC 2012-11-25 15_12_18">
      <DeploymentItem filename="D:\Git\ClassicalEncryptionTechniques_Code\EncryptionAlgorithms\bin\Debug\EncryptionAlgorithms.dll" />
    </Deployment>
    <Execution>
      <TestTypeSpecific />
      <AgentRule name="Execution Agents">
      </AgentRule>
    </Execution>
  </TestSettings>
  <Times creation="2012-11-25T15:12:18.6541094+02:00" queuing="2012-11-25T15:12:18.8961232+02:00" start="2012-11-25T15:12:18.9261249+02:00" finish="2012-11-25T15:12:19.5181588+02:00" />
  <ResultSummary outcome="Failed">
    <Counters total="14" executed="14" passed="12" error="0" failed="2" timeout="0" aborted="0" inconclusive="0" passedButRunAborted="0" notRunnable="0" notExecuted="0" disconnected="0" warning="0" completed="0" inProgress="0" pending="0" />
  </ResultSummary>
  <TestDefinitions>
    <UnitTest name="RailFence_DecryptTest" storage="d:\git\classicalencryptiontechniques_code\unittests\bin\debug\unittests.dll" id="58f9fdac-cd3a-a4bc-5560-85b64fa1614a">
      <Execution id="aca0f072-efd8-47fe-aa1c-c880babeab08" />
      <TestMethod codeBase="D:/Git/ClassicalEncryptionTechniques_Code/UnitTests/bin/Debug/UnitTests.DLL" adapterTypeName="Microsoft.VisualStudio.TestTools.TestTypes.Unit.UnitTestAdapter, Microsoft.VisualStudio.QualityTools.Tips.UnitTest.Adapter, Version=10.0.0.0, Culture=neutral, PublicKeyToken=b03f5f7f11d50a3a" className="UnitTests.RailFenceTest, UnitTests, Version=1.0.0.0, Culture=neutral, PublicKeyToken=null" name="RailFence_DecryptTest" />
    </UnitTest>
    <UnitTest name="Hill_EncryptTest" storage="d:\git\classicalencryptiontechniques_code\unittests\bin\debug\unittests.dll" id="a4abdc6c-d803-cff0-c6dc-152de560d201">
      <Execution id="13d309fa-470f-4809-a830-63b75319fd87" />
      <TestMethod codeBase="D:/Git/ClassicalEncryptionTechniques_Code/UnitTests/bin/Debug/UnitTests.DLL" adapterTypeName="Microsoft.VisualStudio.TestTools.TestTypes.Unit.UnitTestAdapter, Microsoft.VisualStudio.QualityTools.Tips.UnitTest.Adapter, Version=10.0.0.0, Culture=neutral, PublicKeyToken=b03f5f7f11d50a3a" className="UnitTests.HillTest, UnitTests, Version=1.0.0.0, Culture=neutral, PublicKeyToken=null" name="Hill_EncryptTest" />
    </UnitTest>
    <UnitTest name="RailFence_EncryptTest" storage="d:\git\classicalencryptiontechniques_code\unittests\bin\debug\unittests.dll" id="99d041bc-6388-87c2-97e4-af16d9546ffb">
      <Execution id="4e12db4f-90ba-4b7a-abb6-d042fa1aee88" />
      <TestMethod codeBase="D:/Git/ClassicalEncryptionTechniques_Code/UnitTests/bin/Debug/UnitTests.DLL" adapterTypeName="Microsoft.VisualStudio.TestTools.TestTypes.Unit.UnitTestAdapter, Microsoft.VisualStudio.QualityTools.Tips.UnitTest.Adapter, Version=10.0.0.0, Culture=neutral, PublicKeyToken=b03f5f7f11d50a3a" className="UnitTests.RailFenceTest, UnitTests, Version=1.0.0.0, Culture=neutral, PublicKeyToken=null" name="RailFence_EncryptTest" />
    </UnitTest>
    <UnitTest name="AutoKey_EncryptTest" storage="d:\git\classicalencryptiontechniques_code\unittests\bin\debug\unittests.dll" id="7470bfad-8280-824c-7ef5-0cb14f080611">
      <Execution id="0f862ef2-1e86-4b66-a705-fc8ccc3c9852" />
      <TestMethod codeBase="D:/Git/ClassicalEncryptionTechniques_Code/UnitTests/bin/Debug/UnitTests.DLL" adapterTypeName="Microsoft.VisualStudio.TestTools.TestTypes.Unit.UnitTestAdapter, Microsoft.VisualStudio.QualityTools.Tips.UnitTest.Adapter, Version=10.0.0.0, Culture=neutral, PublicKeyToken=b03f5f7f11d50a3a" className="UnitTests.AutoKeyTest, UnitTests, Version=1.0.0.0, Culture=neutral, PublicKeyToken=null" name="AutoKey_EncryptTest" />
    </UnitTest>
    <UnitTest name="AutoKey_DecryptTest" storage="d:\git\classicalencryptiontechniques_code\unittests\bin\debug\unittests.dll" id="53c0877b-6e62-8586-d93c-870e1136c748">
      <Execution id="dc44dee4-f185-493a-b8c8-e9071af7b6b3" />
      <TestMethod codeBase="D:/Git/ClassicalEncryptionTechniques_Code/UnitTests/bin/Debug/UnitTests.DLL" adapterTypeName="Microsoft.VisualStudio.TestTools.TestTypes.Unit.UnitTestAdapter, Microsoft.VisualStudio.QualityTools.Tips.UnitTest.Adapter, Version=10.0.0.0, Culture=neutral, PublicKeyToken=b03f5f7f11d50a3a" className="UnitTests.AutoKeyTest, UnitTests, Version=1.0.0.0, Culture=neutral, PublicKeyToken=null" name="AutoKey_DecryptTest" />
    </UnitTest>
    <UnitTest name="PlayFair_DecryptTest" storage="d:\git\classicalencryptiontechniques_code\unittests\bin\debug\unittests.dll" id="5e21d739-18c8-c2f7-03a8-0a6b4504e69a">
      <Execution id="5a129e64-2d28-4752-a14d-e2c35b709163" />
      <TestMethod codeBase="D:/Git/ClassicalEncryptionTechniques_Code/UnitTests/bin/Debug/UnitTests.DLL" adapterTypeName="Microsoft.VisualStudio.TestTools.TestTypes.Unit.UnitTestAdapter, Microsoft.VisualStudio.QualityTools.Tips.UnitTest.Adapter, Version=10.0.0.0, Culture=neutral, PublicKeyToken=b03f5f7f11d50a3a" className="UnitTests.PlayFairTest, UnitTests, Version=1.0.0.0, Culture=neutral, PublicKeyToken=null" name="PlayFair_DecryptTest" />
    </UnitTest>
    <UnitTest name="RowTransposition_DecryptTest" storage="d:\git\classicalencryptiontechniques_code\unittests\bin\debug\unittests.dll" id="be2cdd51-7281-1458-49a4-8778293efe6d">
      <Execution id="58607fd2-2bd2-4587-ab60-2aba4682206a" />
      <TestMethod codeBase="D:/Git/ClassicalEncryptionTechniques_Code/UnitTests/bin/Debug/UnitTests.DLL" adapterTypeName="Microsoft.VisualStudio.TestTools.TestTypes.Unit.UnitTestAdapter, Microsoft.VisualStudio.QualityTools.Tips.UnitTest.Adapter, Version=10.0.0.0, Culture=neutral, PublicKeyToken=b03f5f7f11d50a3a" className="UnitTests.RowTranspositionTest, UnitTests, Version=1.0.0.0, Culture=neutral, PublicKeyToken=null" name="RowTransposition_DecryptTest" />
    </UnitTest>
    <UnitTest name="Ceaser_EncryptTest" storage="d:\git\classicalencryptiontechniques_code\unittests\bin\debug\unittests.dll" id="d9f426ae-5669-c2a5-a92a-8379a61b6016">
      <Execution id="ca227f1e-242b-4862-848c-7b4c4f1b072d" />
      <TestMethod codeBase="D:/Git/ClassicalEncryptionTechniques_Code/UnitTests/bin/Debug/UnitTests.DLL" adapterTypeName="Microsoft.VisualStudio.TestTools.TestTypes.Unit.UnitTestAdapter, Microsoft.VisualStudio.QualityTools.Tips.UnitTest.Adapter, Version=10.0.0.0, Culture=neutral, PublicKeyToken=b03f5f7f11d50a3a" className="UnitTests.CeaserTest, UnitTests, Version=1.0.0.0, Culture=neutral, PublicKeyToken=null" name="Ceaser_EncryptTest" />
    </UnitTest>
    <UnitTest name="Vigenere_EncryptTest" storage="d:\git\classicalencryptiontechniques_code\unittests\bin\debug\unittests.dll" id="ade6c425-996e-6174-a311-6405b32e7d57">
      <Execution id="848ad790-6518-40e0-9b0e-d97893743945" />
      <TestMethod codeBase="D:/Git/ClassicalEncryptionTechniques_Code/UnitTests/bin/Debug/UnitTests.DLL" adapterTypeName="Microsoft.VisualStudio.TestTools.TestTypes.Unit.UnitTestAdapter, Microsoft.VisualStudio.QualityTools.Tips.UnitTest.Adapter, Version=10.0.0.0, Culture=neutral, PublicKeyToken=b03f5f7f11d50a3a" className="UnitTests.VigenereTest, UnitTests, Version=1.0.0.0, Culture=neutral, PublicKeyToken=null" name="Vigenere_EncryptTest" />
    </UnitTest>
    <UnitTest name="RowTransposition_EncryptTest" storage="d:\git\classicalencryptiontechniques_code\unittests\bin\debug\unittests.dll" id="11c573cd-0191-078a-44b9-1cfa120f5216">
      <Execution id="9a9e2427-0977-42c7-8520-9561425d76b0" />
      <TestMethod codeBase="D:/Git/ClassicalEncryptionTechniques_Code/UnitTests/bin/Debug/UnitTests.DLL" adapterTypeName="Microsoft.VisualStudio.TestTools.TestTypes.Unit.UnitTestAdapter, Microsoft.VisualStudio.QualityTools.Tips.UnitTest.Adapter, Version=10.0.0.0, Culture=neutral, PublicKeyToken=b03f5f7f11d50a3a" className="UnitTests.RowTranspositionTest, UnitTests, Version=1.0.0.0, Culture=neutral, PublicKeyToken=null" name="RowTransposition_EncryptTest" />
    </UnitTest>
    <UnitTest name="Vigenere_DecryptTest" storage="d:\git\classicalencryptiontechniques_code\unittests\bin\debug\unittests.dll" id="888bf383-1cd2-9304-2692-48803ab252cb">
      <Execution id="25bc1696-7fd8-49bc-b23a-cdaaa4f0500e" />
      <TestMethod codeBase="D:/Git/ClassicalEncryptionTechniques_Code/UnitTests/bin/Debug/UnitTests.DLL" adapterTypeName="Microsoft.VisualStudio.TestTools.TestTypes.Unit.UnitTestAdapter, Microsoft.VisualStudio.QualityTools.Tips.UnitTest.Adapter, Version=10.0.0.0, Culture=neutral, PublicKeyToken=b03f5f7f11d50a3a" className="UnitTests.VigenereTest, UnitTests, Version=1.0.0.0, Culture=neutral, PublicKeyToken=null" name="Vigenere_DecryptTest" />
    </UnitTest>
    <UnitTest name="Hill_DecryptTest" storage="d:\git\classicalencryptiontechniques_code\unittests\bin\debug\unittests.dll" id="3ae16cfb-27ba-9aac-3b90-a1df7854ef3c">
      <Execution id="b97ef8db-cd5b-48c9-aef7-7dae15e1ff58" />
      <TestMethod codeBase="D:/Git/ClassicalEncryptionTechniques_Code/UnitTests/bin/Debug/UnitTests.DLL" adapterTypeName="Microsoft.VisualStudio.TestTools.TestTypes.Unit.UnitTestAdapter, Microsoft.VisualStudio.QualityTools.Tips.UnitTest.Adapter, Version=10.0.0.0, Culture=neutral, PublicKeyToken=b03f5f7f11d50a3a" className="UnitTests.HillTest, UnitTests, Version=1.0.0.0, Culture=neutral, PublicKeyToken=null" name="Hill_DecryptTest" />
    </UnitTest>
    <UnitTest name="Ceaser_DecryptTest" storage="d:\git\classicalencryptiontechniques_code\unittests\bin\debug\unittests.dll" id="47933688-5f26-bf64-ecb0-a15d49bf9962">
      <Execution id="6ee223bc-7bdb-4877-9b6d-55d3e55415fa" />
      <TestMethod codeBase="D:/Git/ClassicalEncryptionTechniques_Code/UnitTests/bin/Debug/UnitTests.DLL" adapterTypeName="Microsoft.VisualStudio.TestTools.TestTypes.Unit.UnitTestAdapter, Microsoft.VisualStudio.QualityTools.Tips.UnitTest.Adapter, Version=10.0.0.0, Culture=neutral, PublicKeyToken=b03f5f7f11d50a3a" className="UnitTests.CeaserTest, UnitTests, Version=1.0.0.0, Culture=neutral, PublicKeyToken=null" name="Ceaser_DecryptTest" />
    </UnitTest>
    <UnitTest name="PlayFair_EncryptTest" storage="d:\git\classicalencryptiontechniques_code\unittests\bin\debug\unittests.dll" id="e100471e-49c2-72ab-c794-1674300bfb63">
      <Execution id="429a843a-2992-4961-bf75-b161386f9f97" />
      <TestMethod codeBase="D:/Git/ClassicalEncryptionTechniques_Code/UnitTests/bin/Debug/UnitTests.DLL" adapterTypeName="Microsoft.VisualStudio.TestTools.TestTypes.Unit.UnitTestAdapter, Microsoft.VisualStudio.QualityTools.Tips.UnitTest.Adapter, Version=10.0.0.0, Culture=neutral, PublicKeyToken=b03f5f7f11d50a3a" className="UnitTests.PlayFairTest, UnitTests, Version=1.0.0.0, Culture=neutral, PublicKeyToken=null" name="PlayFair_EncryptTest" />
    </UnitTest>
  </TestDefinitions>
  <TestLists>
    <TestList name="Results Not in a List" id="8c84fa94-04c1-424b-9868-57a2d4851a1d" />
    <TestList name="All Loaded Results" id="19431567-8539-422a-85d7-44ee4e166bda" />
  </TestLists>
  <TestEntries>
    <TestEntry testId="11c573cd-0191-078a-44b9-1cfa120f5216" executionId="9a9e2427-0977-42c7-8520-9561425d76b0" testListId="8c84fa94-04c1-424b-9868-57a2d4851a1d" />
    <TestEntry testId="3ae16cfb-27ba-9aac-3b90-a1df7854ef3c" executionId="b97ef8db-cd5b-48c9-aef7-7dae15e1ff58" testListId="8c84fa94-04c1-424b-9868-57a2d4851a1d" />
    <TestEntry testId="47933688-5f26-bf64-ecb0-a15d49bf9962" executionId="6ee223bc-7bdb-4877-9b6d-55d3e55415fa" testListId="8c84fa94-04c1-424b-9868-57a2d4851a1d" />
    <TestEntry testId="53c0877b-6e62-8586-d93c-870e1136c748" executionId="dc44dee4-f185-493a-b8c8-e9071af7b6b3" testListId="8c84fa94-04c1-424b-9868-57a2d4851a1d" />
    <TestEntry testId="58f9fdac-cd3a-a4bc-5560-85b64fa1614a" executionId="aca0f072-efd8-47fe-aa1c-c880babeab08" testListId="8c84fa94-04c1-424b-9868-57a2d4851a1d" />
    <TestEntry testId="5e21d739-18c8-c2f7-03a8-0a6b4504e69a" executionId="5a129e64-2d28-4752-a14d-e2c35b709163" testListId="8c84fa94-04c1-424b-9868-57a2d4851a1d" />
    <TestEntry testId="7470bfad-8280-824c-7ef5-0cb14f080611" executionId="0f862ef2-1e86-4b66-a705-fc8ccc3c9852" testListId="8c84fa94-04c1-424b-9868-57a2d4851a1d" />
    <TestEntry testId="888bf383-1cd2-9304-2692-48803ab252cb" executionId="25bc1696-7fd8-49bc-b23a-cdaaa4f0500e" testListId="8c84fa94-04c1-424b-9868-57a2d4851a1d" />
    <TestEntry testId="99d041bc-6388-87c2-97e4-af16d9546ffb" executionId="4e12db4f-90ba-4b7a-abb6-d042fa1aee88" testListId="8c84fa94-04c1-424b-9868-57a2d4851a1d" />
    <TestEntry testId="a4abdc6c-d803-cff0-c6dc-152de560d201" executionId="13d309fa-470f-4809-a830-63b75319fd87" testListId="8c84fa94-04c1-424b-9868-57a2d4851a1d" />
    <TestEntry testId="ade6c425-996e-6174-a311-6405b32e7d57" executionId="848ad790-6518-40e0-9b0e-d97893743945" testListId="8c84fa94-04c1-424b-9868-57a2d4851a1d" />
    <TestEntry testId="be2cdd51-7281-1458-49a4-8778293efe6d" executionId="58607fd2-2bd2-4587-ab60-2aba4682206a" testListId="8c84fa94-04c1-424b-9868-57a2d4851a1d" />
    <TestEntry testId="d9f426ae-5669-c2a5-a92a-8379a61b6016" executionId="ca227f1e-242b-4862-848c-7b4c4f1b072d" testListId="8c84fa94-04c1-424b-9868-57a2d4851a1d" />
    <TestEntry testId="e100471e-49c2-72ab-c794-1674300bfb63" executionId="429a843a-2992-4961-bf75-b161386f9f97" testListId="8c84fa94-04c1-424b-9868-57a2d4851a1d" />
  </TestEntries>
  <Results>
    <UnitTestResult executionId="9a9e2427-0977-42c7-8520-9561425d76b0" testId="11c573cd-0191-078a-44b9-1cfa120f5216" testName="RowTransposition_EncryptTest" computerName="OMAR-PC" duration="00:00:00.0253361" startTime="2012-11-25T15:12:18.9621270+02:00" endTime="2012-11-25T15:12:19.3251477+02:00" testType="13cdc9d9-ddb5-4fa4-a97d-d965ccfc6d4b" outcome="Passed" testListId="8c84fa94-04c1-424b-9868-57a2d4851a1d" relativeResultsDirectory="9a9e2427-0977-42c7-8520-9561425d76b0">
    </UnitTestResult>
    <UnitTestResult executionId="b97ef8db-cd5b-48c9-aef7-7dae15e1ff58" testId="3ae16cfb-27ba-9aac-3b90-a1df7854ef3c" testName="Hill_DecryptTest" computerName="OMAR-PC" duration="00:00:00.0368985" startTime="2012-11-25T15:12:19.3271479+02:00" endTime="2012-11-25T15:12:19.3731505+02:00" testType="13cdc9d9-ddb5-4fa4-a97d-d965ccfc6d4b" outcome="Failed" testListId="8c84fa94-04c1-424b-9868-57a2d4851a1d" relativeResultsDirectory="b97ef8db-cd5b-48c9-aef7-7dae15e1ff58">
      <Output>
        <ErrorInfo>
          <Message>Test method UnitTests.HillTest.Hill_DecryptTest threw exception: 
EncryptionAlgorithms.MatrixClassException: Invalid index specified</Message>
          <StackTrace>    at EncryptionAlgorithms.MatrixClass.GetElement(Int32 iRow, Int32 iCol) in D:\Git\ClassicalEncryptionTechniques_Code\EncryptionAlgorithms\Entities\MatrixClass.cs:line 166
   at EncryptionAlgorithms.MatrixClass.get_Item(Int32 iRow, Int32 iCol) in D:\Git\ClassicalEncryptionTechniques_Code\EncryptionAlgorithms\Entities\MatrixClass.cs:line 156
   at EncryptionAlgorithms.Hill.Process(String message, Mode mode) in D:\Git\ClassicalEncryptionTechniques_Code\EncryptionAlgorithms\Cocnrete\Hill.cs:line 58
   at EncryptionAlgorithms.Hill.Decrypt(String cipher) in D:\Git\ClassicalEncryptionTechniques_Code\EncryptionAlgorithms\Cocnrete\Hill.cs:line 27
   at UnitTests.HillTest.Hill_DecryptTest() in D:\Git\ClassicalEncryptionTechniques_Code\UnitTests\ServicesTest\HillTest.cs:line 54
</StackTrace>
        </ErrorInfo>
      </Output>
    </UnitTestResult>
    <UnitTestResult executionId="6ee223bc-7bdb-4877-9b6d-55d3e55415fa" testId="47933688-5f26-bf64-ecb0-a15d49bf9962" testName="Ceaser_DecryptTest" computerName="OMAR-PC" duration="00:00:00.0022604" startTime="2012-11-25T15:12:19.3761507+02:00" endTime="2012-11-25T15:12:19.3851512+02:00" testType="13cdc9d9-ddb5-4fa4-a97d-d965ccfc6d4b" outcome="Passed" testListId="8c84fa94-04c1-424b-9868-57a2d4851a1d" relativeResultsDirectory="6ee223bc-7bdb-4877-9b6d-55d3e55415fa">
    </UnitTestResult>
    <UnitTestResult executionId="dc44dee4-f185-493a-b8c8-e9071af7b6b3" testId="53c0877b-6e62-8586-d93c-870e1136c748" testName="AutoKey_DecryptTest" computerName="OMAR-PC" duration="00:00:00.0019470" startTime="2012-11-25T15:12:19.3911515+02:00" endTime="2012-11-25T15:12:19.4001520+02:00" testType="13cdc9d9-ddb5-4fa4-a97d-d965ccfc6d4b" outcome="Passed" testListId="8c84fa94-04c1-424b-9868-57a2d4851a1d" relativeResultsDirectory="dc44dee4-f185-493a-b8c8-e9071af7b6b3">
    </UnitTestResult>
    <UnitTestResult executionId="aca0f072-efd8-47fe-aa1c-c880babeab08" testId="58f9fdac-cd3a-a4bc-5560-85b64fa1614a" testName="RailFence_DecryptTest" computerName="OMAR-PC" duration="00:00:00.0018593" startTime="2012-11-25T15:12:19.4011521+02:00" endTime="2012-11-25T15:12:19.4091525+02:00" testType="13cdc9d9-ddb5-4fa4-a97d-d965ccfc6d4b" outcome="Passed" testListId="8c84fa94-04c1-424b-9868-57a2d4851a1d" relativeResultsDirectory="aca0f072-efd8-47fe-aa1c-c880babeab08">
    </UnitTestResult>
    <UnitTestResult executionId="5a129e64-2d28-4752-a14d-e2c35b709163" testId="5e21d739-18c8-c2f7-03a8-0a6b4504e69a" testName="PlayFair_DecryptTest" computerName="OMAR-PC" duration="00:00:00.0048022" startTime="2012-11-25T15:12:19.4111527+02:00" endTime="2012-11-25T15:12:19.4221533+02:00" testType="13cdc9d9-ddb5-4fa4-a97d-d965ccfc6d4b" outcome="Passed" testListId="8c84fa94-04c1-424b-9868-57a2d4851a1d" relativeResultsDirectory="5a129e64-2d28-4752-a14d-e2c35b709163">
    </UnitTestResult>
    <UnitTestResult executionId="0f862ef2-1e86-4b66-a705-fc8ccc3c9852" testId="7470bfad-8280-824c-7ef5-0cb14f080611" testName="AutoKey_EncryptTest" computerName="OMAR-PC" duration="00:00:00.0005397" startTime="2012-11-25T15:12:19.4261535+02:00" endTime="2012-11-25T15:12:19.4321539+02:00" testType="13cdc9d9-ddb5-4fa4-a97d-d965ccfc6d4b" outcome="Passed" testListId="8c84fa94-04c1-424b-9868-57a2d4851a1d" relativeResultsDirectory="0f862ef2-1e86-4b66-a705-fc8ccc3c9852">
    </UnitTestResult>
    <UnitTestResult executionId="25bc1696-7fd8-49bc-b23a-cdaaa4f0500e" testId="888bf383-1cd2-9304-2692-48803ab252cb" testName="Vigenere_DecryptTest" computerName="OMAR-PC" duration="00:00:00.0017361" startTime="2012-11-25T15:12:19.4331539+02:00" endTime="2012-11-25T15:12:19.4411544+02:00" testType="13cdc9d9-ddb5-4fa4-a97d-d965ccfc6d4b" outcome="Passed" testListId="8c84fa94-04c1-424b-9868-57a2d4851a1d" relativeResultsDirectory="25bc1696-7fd8-49bc-b23a-cdaaa4f0500e">
    </UnitTestResult>
    <UnitTestResult executionId="4e12db4f-90ba-4b7a-abb6-d042fa1aee88" testId="99d041bc-6388-87c2-97e4-af16d9546ffb" testName="RailFence_EncryptTest" computerName="OMAR-PC" duration="00:00:00.0006328" startTime="2012-11-25T15:12:19.4421544+02:00" endTime="2012-11-25T15:12:19.4481548+02:00" testType="13cdc9d9-ddb5-4fa4-a97d-d965ccfc6d4b" outcome="Passed" testListId="8c84fa94-04c1-424b-9868-57a2d4851a1d" relativeResultsDirectory="4e12db4f-90ba-4b7a-abb6-d042fa1aee88">
    </UnitTestResult>
    <UnitTestResult executionId="13d309fa-470f-4809-a830-63b75319fd87" testId="a4abdc6c-d803-cff0-c6dc-152de560d201" testName="Hill_EncryptTest" computerName="OMAR-PC" duration="00:00:00.0036917" startTime="2012-11-25T15:12:19.4491548+02:00" endTime="2012-11-25T15:12:19.4581553+02:00" testType="13cdc9d9-ddb5-4fa4-a97d-d965ccfc6d4b" outcome="Failed" testListId="8c84fa94-04c1-424b-9868-57a2d4851a1d" relativeResultsDirectory="13d309fa-470f-4809-a830-63b75319fd87">
      <Output>
        <ErrorInfo>
          <Message>Test method UnitTests.HillTest.Hill_EncryptTest threw exception: 
EncryptionAlgorithms.MatrixClassException: Invalid index specified</Message>
          <StackTrace>    at EncryptionAlgorithms.MatrixClass.GetElement(Int32 iRow, Int32 iCol) in D:\Git\ClassicalEncryptionTechniques_Code\EncryptionAlgorithms\Entities\MatrixClass.cs:line 166
   at EncryptionAlgorithms.MatrixClass.get_Item(Int32 iRow, Int32 iCol) in D:\Git\ClassicalEncryptionTechniques_Code\EncryptionAlgorithms\Entities\MatrixClass.cs:line 156
   at EncryptionAlgorithms.Hill.Process(String message, Mode mode) in D:\Git\ClassicalEncryptionTechniques_Code\EncryptionAlgorithms\Cocnrete\Hill.cs:line 58
   at EncryptionAlgorithms.Hill.Encrypt(String plainText) in D:\Git\ClassicalEncryptionTechniques_Code\EncryptionAlgorithms\Cocnrete\Hill.cs:line 22
   at UnitTests.HillTest.Hill_EncryptTest() in D:\Git\ClassicalEncryptionTechniques_Code\UnitTests\ServicesTest\HillTest.cs:line 40
</StackTrace>
        </ErrorInfo>
      </Output>
    </UnitTestResult>
    <UnitTestResult executionId="848ad790-6518-40e0-9b0e-d97893743945" testId="ade6c425-996e-6174-a311-6405b32e7d57" testName="Vigenere_EncryptTest" computerName="OMAR-PC" duration="00:00:00.0006840" startTime="2012-11-25T15:12:19.4601555+02:00" endTime="2012-11-25T15:12:19.4671559+02:00" testType="13cdc9d9-ddb5-4fa4-a97d-d965ccfc6d4b" outcome="Passed" testListId="8c84fa94-04c1-424b-9868-57a2d4851a1d" relativeResultsDirectory="848ad790-6518-40e0-9b0e-d97893743945">
    </UnitTestResult>
    <UnitTestResult executionId="58607fd2-2bd2-4587-ab60-2aba4682206a" testId="be2cdd51-7281-1458-49a4-8778293efe6d" testName="RowTransposition_DecryptTest" computerName="OMAR-PC" duration="00:00:00.0013327" startTime="2012-11-25T15:12:19.4691560+02:00" endTime="2012-11-25T15:12:19.4751563+02:00" testType="13cdc9d9-ddb5-4fa4-a97d-d965ccfc6d4b" outcome="Passed" testListId="8c84fa94-04c1-424b-9868-57a2d4851a1d" relativeResultsDirectory="58607fd2-2bd2-4587-ab60-2aba4682206a">
    </UnitTestResult>
    <UnitTestResult executionId="ca227f1e-242b-4862-848c-7b4c4f1b072d" testId="d9f426ae-5669-c2a5-a92a-8379a61b6016" testName="Ceaser_EncryptTest" computerName="OMAR-PC" duration="00:00:00.0004904" startTime="2012-11-25T15:12:19.4771564+02:00" endTime="2012-11-25T15:12:19.4831568+02:00" testType="13cdc9d9-ddb5-4fa4-a97d-d965ccfc6d4b" outcome="Passed" testListId="8c84fa94-04c1-424b-9868-57a2d4851a1d" relativeResultsDirectory="ca227f1e-242b-4862-848c-7b4c4f1b072d">
    </UnitTestResult>
    <UnitTestResult executionId="429a843a-2992-4961-bf75-b161386f9f97" testId="e100471e-49c2-72ab-c794-1674300bfb63" testName="PlayFair_EncryptTest" computerName="OMAR-PC" duration="00:00:00.0015402" startTime="2012-11-25T15:12:19.4851569+02:00" endTime="2012-11-25T15:12:19.4921573+02:00" testType="13cdc9d9-ddb5-4fa4-a97d-d965ccfc6d4b" outcome="Passed" testListId="8c84fa94-04c1-424b-9868-57a2d4851a1d" relativeResultsDirectory="429a843a-2992-4961-bf75-b161386f9f97">
    </UnitTestResult>
  </Results>
</TestRun>