<?xml version="1.0" encoding="UTF-8"?>
<TestRun id="f5bebe1b-00bc-45b2-acaa-e679600bcc69" name="test10@TEST10-PC 2012-06-19 14:44:20" runUser="test10-PC\test10" xmlns="http://microsoft.com/schemas/VisualStudio/TeamTest/2010">
  <TestSettings name="Local" id="4bb0a581-7075-47b7-ba43-58a6bb142cdb">
    <Description>These are default test settings for a local test run.</Description>
    <Deployment enabled="false" runDeploymentRoot="test10_TEST10-PC 2012-06-19 14_44_20">
      <DeploymentItem filename="C:\Users\test10\Desktop\ClassicalEncryptionTechniques_Code\Services\bin\Debug\Services.dll" />
    </Deployment>
    <Execution>
      <TestTypeSpecific />
      <AgentRule name="Execution Agents">
      </AgentRule>
    </Execution>
  </TestSettings>
  <Times creation="2012-06-19T14:44:20.8887406+02:00" queuing="2012-06-19T14:44:21.2987640+02:00" start="2012-06-19T14:44:21.3057644+02:00" finish="2012-06-19T14:44:21.5367776+02:00" />
  <ResultSummary outcome="Completed">
    <Counters total="12" executed="12" passed="12" error="0" failed="0" timeout="0" aborted="0" inconclusive="0" passedButRunAborted="0" notRunnable="0" notExecuted="0" disconnected="0" warning="0" completed="0" inProgress="0" pending="0" />
  </ResultSummary>
  <TestDefinitions>
    <UnitTest name="DecryptTest" storage="c:\users\test10\desktop\classicalencryptiontechniques_code\unittests\bin\debug\unittests.dll" id="ba7a8056-5d1b-30ed-0415-42bf2eacea84">
      <Execution id="1cf950be-ff0a-45d2-a33d-5301849d8b05" />
      <TestMethod codeBase="C:/Users/test10/Desktop/ClassicalEncryptionTechniques_Code/UnitTests/bin/Debug/UnitTests.DLL" adapterTypeName="Microsoft.VisualStudio.TestTools.TestTypes.Unit.UnitTestAdapter, Microsoft.VisualStudio.QualityTools.Tips.UnitTest.Adapter, Version=10.0.0.0, Culture=neutral, PublicKeyToken=b03f5f7f11d50a3a" className="UnitTests.HillTest, UnitTests, Version=1.0.0.0, Culture=neutral, PublicKeyToken=null" name="DecryptTest" />
    </UnitTest>
    <UnitTest name="EncryptTest" storage="c:\users\test10\desktop\classicalencryptiontechniques_code\unittests\bin\debug\unittests.dll" id="92561371-9d08-9758-ae0e-76f51818d65f">
      <Execution id="bee96faa-6a18-467d-b23b-cc9d653cc138" />
      <TestMethod codeBase="C:/Users/test10/Desktop/ClassicalEncryptionTechniques_Code/UnitTests/bin/Debug/UnitTests.DLL" adapterTypeName="Microsoft.VisualStudio.TestTools.TestTypes.Unit.UnitTestAdapter, Microsoft.VisualStudio.QualityTools.Tips.UnitTest.Adapter, Version=10.0.0.0, Culture=neutral, PublicKeyToken=b03f5f7f11d50a3a" className="UnitTests.RailFenceTest, UnitTests, Version=1.0.0.0, Culture=neutral, PublicKeyToken=null" name="EncryptTest" />
    </UnitTest>
    <UnitTest name="DecryptTest" storage="c:\users\test10\desktop\classicalencryptiontechniques_code\unittests\bin\debug\unittests.dll" id="101c9313-fa28-76da-694b-0c0428420f0c">
      <Execution id="0d995563-bc89-49ea-be18-8f9f2eee9184" />
      <TestMethod codeBase="C:/Users/test10/Desktop/ClassicalEncryptionTechniques_Code/UnitTests/bin/Debug/UnitTests.DLL" adapterTypeName="Microsoft.VisualStudio.TestTools.TestTypes.Unit.UnitTestAdapter, Microsoft.VisualStudio.QualityTools.Tips.UnitTest.Adapter, Version=10.0.0.0, Culture=neutral, PublicKeyToken=b03f5f7f11d50a3a" className="UnitTests.AutoKeyTest, UnitTests, Version=1.0.0.0, Culture=neutral, PublicKeyToken=null" name="DecryptTest" />
    </UnitTest>
    <UnitTest name="EncryptTest" storage="c:\users\test10\desktop\classicalencryptiontechniques_code\unittests\bin\debug\unittests.dll" id="d182f457-02ae-d932-4aa2-36109c224cce">
      <Execution id="017ac836-a418-415a-ac02-46376a9b0e3c" />
      <TestMethod codeBase="C:/Users/test10/Desktop/ClassicalEncryptionTechniques_Code/UnitTests/bin/Debug/UnitTests.DLL" adapterTypeName="Microsoft.VisualStudio.TestTools.TestTypes.Unit.UnitTestAdapter, Microsoft.VisualStudio.QualityTools.Tips.UnitTest.Adapter, Version=10.0.0.0, Culture=neutral, PublicKeyToken=b03f5f7f11d50a3a" className="UnitTests.RowTranspositionTest, UnitTests, Version=1.0.0.0, Culture=neutral, PublicKeyToken=null" name="EncryptTest" />
    </UnitTest>
    <UnitTest name="EncryptTest" storage="c:\users\test10\desktop\classicalencryptiontechniques_code\unittests\bin\debug\unittests.dll" id="d8c546af-5f37-7f4c-236f-19392fd050e5">
      <Execution id="e662843e-dced-41fa-a25e-900c049c98e1" />
      <TestMethod codeBase="C:/Users/test10/Desktop/ClassicalEncryptionTechniques_Code/UnitTests/bin/Debug/UnitTests.DLL" adapterTypeName="Microsoft.VisualStudio.TestTools.TestTypes.Unit.UnitTestAdapter, Microsoft.VisualStudio.QualityTools.Tips.UnitTest.Adapter, Version=10.0.0.0, Culture=neutral, PublicKeyToken=b03f5f7f11d50a3a" className="UnitTests.AutoKeyTest, UnitTests, Version=1.0.0.0, Culture=neutral, PublicKeyToken=null" name="EncryptTest" />
    </UnitTest>
    <UnitTest name="EncryptTest" storage="c:\users\test10\desktop\classicalencryptiontechniques_code\unittests\bin\debug\unittests.dll" id="e94181de-435f-78ea-f2c0-e5f1a1c90d3c">
      <Execution id="1954da32-8ada-4062-82a0-ee7343d18201" />
      <TestMethod codeBase="C:/Users/test10/Desktop/ClassicalEncryptionTechniques_Code/UnitTests/bin/Debug/UnitTests.DLL" adapterTypeName="Microsoft.VisualStudio.TestTools.TestTypes.Unit.UnitTestAdapter, Microsoft.VisualStudio.QualityTools.Tips.UnitTest.Adapter, Version=10.0.0.0, Culture=neutral, PublicKeyToken=b03f5f7f11d50a3a" className="UnitTests.CeaserTest, UnitTests, Version=1.0.0.0, Culture=neutral, PublicKeyToken=null" name="EncryptTest" />
    </UnitTest>
    <UnitTest name="EncryptTest" storage="c:\users\test10\desktop\classicalencryptiontechniques_code\unittests\bin\debug\unittests.dll" id="338d153e-d489-1013-4c3b-76121ba93597">
      <Execution id="891a3b67-059a-414a-b220-9033406d9edb" />
      <TestMethod codeBase="C:/Users/test10/Desktop/ClassicalEncryptionTechniques_Code/UnitTests/bin/Debug/UnitTests.DLL" adapterTypeName="Microsoft.VisualStudio.TestTools.TestTypes.Unit.UnitTestAdapter, Microsoft.VisualStudio.QualityTools.Tips.UnitTest.Adapter, Version=10.0.0.0, Culture=neutral, PublicKeyToken=b03f5f7f11d50a3a" className="UnitTests.PlayFairTest, UnitTests, Version=1.0.0.0, Culture=neutral, PublicKeyToken=null" name="EncryptTest" />
    </UnitTest>
    <UnitTest name="DecryptTest" storage="c:\users\test10\desktop\classicalencryptiontechniques_code\unittests\bin\debug\unittests.dll" id="916d3501-990b-dcac-4a6a-2e6e7d026822">
      <Execution id="e3aacb31-6f4b-429c-a1b3-76e5be680eb6" />
      <TestMethod codeBase="C:/Users/test10/Desktop/ClassicalEncryptionTechniques_Code/UnitTests/bin/Debug/UnitTests.DLL" adapterTypeName="Microsoft.VisualStudio.TestTools.TestTypes.Unit.UnitTestAdapter, Microsoft.VisualStudio.QualityTools.Tips.UnitTest.Adapter, Version=10.0.0.0, Culture=neutral, PublicKeyToken=b03f5f7f11d50a3a" className="UnitTests.RowTranspositionTest, UnitTests, Version=1.0.0.0, Culture=neutral, PublicKeyToken=null" name="DecryptTest" />
    </UnitTest>
    <UnitTest name="DecryptTest" storage="c:\users\test10\desktop\classicalencryptiontechniques_code\unittests\bin\debug\unittests.dll" id="8f11df6b-c3eb-6b03-4200-9f4b086ab654">
      <Execution id="d2700ed5-fc4b-4cb7-b628-b87c8ca0eb96" />
      <TestMethod codeBase="C:/Users/test10/Desktop/ClassicalEncryptionTechniques_Code/UnitTests/bin/Debug/UnitTests.DLL" adapterTypeName="Microsoft.VisualStudio.TestTools.TestTypes.Unit.UnitTestAdapter, Microsoft.VisualStudio.QualityTools.Tips.UnitTest.Adapter, Version=10.0.0.0, Culture=neutral, PublicKeyToken=b03f5f7f11d50a3a" className="UnitTests.CeaserTest, UnitTests, Version=1.0.0.0, Culture=neutral, PublicKeyToken=null" name="DecryptTest" />
    </UnitTest>
    <UnitTest name="DecryptTest" storage="c:\users\test10\desktop\classicalencryptiontechniques_code\unittests\bin\debug\unittests.dll" id="7eed629f-431a-5d0f-a7a2-31704e7fbfb6">
      <Execution id="12bf30a8-7bbd-4727-8b4f-9cfbe6ee042f" />
      <TestMethod codeBase="C:/Users/test10/Desktop/ClassicalEncryptionTechniques_Code/UnitTests/bin/Debug/UnitTests.DLL" adapterTypeName="Microsoft.VisualStudio.TestTools.TestTypes.Unit.UnitTestAdapter, Microsoft.VisualStudio.QualityTools.Tips.UnitTest.Adapter, Version=10.0.0.0, Culture=neutral, PublicKeyToken=b03f5f7f11d50a3a" className="UnitTests.PlayFairTest, UnitTests, Version=1.0.0.0, Culture=neutral, PublicKeyToken=null" name="DecryptTest" />
    </UnitTest>
    <UnitTest name="DecryptTest" storage="c:\users\test10\desktop\classicalencryptiontechniques_code\unittests\bin\debug\unittests.dll" id="0c81b5c7-d87f-0085-7735-0fe4a8c9432b">
      <Execution id="3efb9147-6332-4046-b069-d5b983c16388" />
      <TestMethod codeBase="C:/Users/test10/Desktop/ClassicalEncryptionTechniques_Code/UnitTests/bin/Debug/UnitTests.DLL" adapterTypeName="Microsoft.VisualStudio.TestTools.TestTypes.Unit.UnitTestAdapter, Microsoft.VisualStudio.QualityTools.Tips.UnitTest.Adapter, Version=10.0.0.0, Culture=neutral, PublicKeyToken=b03f5f7f11d50a3a" className="UnitTests.RailFenceTest, UnitTests, Version=1.0.0.0, Culture=neutral, PublicKeyToken=null" name="DecryptTest" />
    </UnitTest>
    <UnitTest name="EncryptTest" storage="c:\users\test10\desktop\classicalencryptiontechniques_code\unittests\bin\debug\unittests.dll" id="00bd19a4-499e-8047-b353-4a3acceeda18">
      <Execution id="f05443af-7621-4f0d-a794-70d57af5afb9" />
      <TestMethod codeBase="C:/Users/test10/Desktop/ClassicalEncryptionTechniques_Code/UnitTests/bin/Debug/UnitTests.DLL" adapterTypeName="Microsoft.VisualStudio.TestTools.TestTypes.Unit.UnitTestAdapter, Microsoft.VisualStudio.QualityTools.Tips.UnitTest.Adapter, Version=10.0.0.0, Culture=neutral, PublicKeyToken=b03f5f7f11d50a3a" className="UnitTests.HillTest, UnitTests, Version=1.0.0.0, Culture=neutral, PublicKeyToken=null" name="EncryptTest" />
    </UnitTest>
  </TestDefinitions>
  <TestLists>
    <TestList name="Results Not in a List" id="8c84fa94-04c1-424b-9868-57a2d4851a1d" />
    <TestList name="All Loaded Results" id="19431567-8539-422a-85d7-44ee4e166bda" />
  </TestLists>
  <TestEntries>
    <TestEntry testId="00bd19a4-499e-8047-b353-4a3acceeda18" executionId="f05443af-7621-4f0d-a794-70d57af5afb9" testListId="8c84fa94-04c1-424b-9868-57a2d4851a1d" />
    <TestEntry testId="0c81b5c7-d87f-0085-7735-0fe4a8c9432b" executionId="3efb9147-6332-4046-b069-d5b983c16388" testListId="8c84fa94-04c1-424b-9868-57a2d4851a1d" />
    <TestEntry testId="101c9313-fa28-76da-694b-0c0428420f0c" executionId="0d995563-bc89-49ea-be18-8f9f2eee9184" testListId="8c84fa94-04c1-424b-9868-57a2d4851a1d" />
    <TestEntry testId="338d153e-d489-1013-4c3b-76121ba93597" executionId="891a3b67-059a-414a-b220-9033406d9edb" testListId="8c84fa94-04c1-424b-9868-57a2d4851a1d" />
    <TestEntry testId="7eed629f-431a-5d0f-a7a2-31704e7fbfb6" executionId="12bf30a8-7bbd-4727-8b4f-9cfbe6ee042f" testListId="8c84fa94-04c1-424b-9868-57a2d4851a1d" />
    <TestEntry testId="8f11df6b-c3eb-6b03-4200-9f4b086ab654" executionId="d2700ed5-fc4b-4cb7-b628-b87c8ca0eb96" testListId="8c84fa94-04c1-424b-9868-57a2d4851a1d" />
    <TestEntry testId="916d3501-990b-dcac-4a6a-2e6e7d026822" executionId="e3aacb31-6f4b-429c-a1b3-76e5be680eb6" testListId="8c84fa94-04c1-424b-9868-57a2d4851a1d" />
    <TestEntry testId="92561371-9d08-9758-ae0e-76f51818d65f" executionId="bee96faa-6a18-467d-b23b-cc9d653cc138" testListId="8c84fa94-04c1-424b-9868-57a2d4851a1d" />
    <TestEntry testId="ba7a8056-5d1b-30ed-0415-42bf2eacea84" executionId="1cf950be-ff0a-45d2-a33d-5301849d8b05" testListId="8c84fa94-04c1-424b-9868-57a2d4851a1d" />
    <TestEntry testId="d182f457-02ae-d932-4aa2-36109c224cce" executionId="017ac836-a418-415a-ac02-46376a9b0e3c" testListId="8c84fa94-04c1-424b-9868-57a2d4851a1d" />
    <TestEntry testId="d8c546af-5f37-7f4c-236f-19392fd050e5" executionId="e662843e-dced-41fa-a25e-900c049c98e1" testListId="8c84fa94-04c1-424b-9868-57a2d4851a1d" />
    <TestEntry testId="e94181de-435f-78ea-f2c0-e5f1a1c90d3c" executionId="1954da32-8ada-4062-82a0-ee7343d18201" testListId="8c84fa94-04c1-424b-9868-57a2d4851a1d" />
  </TestEntries>
  <Results>
    <UnitTestResult executionId="f05443af-7621-4f0d-a794-70d57af5afb9" testId="00bd19a4-499e-8047-b353-4a3acceeda18" testName="EncryptTest" computerName="TEST10-PC" duration="00:00:00.0175418" startTime="2012-06-19T14:44:21.3087646+02:00" endTime="2012-06-19T14:44:21.4787743+02:00" testType="13cdc9d9-ddb5-4fa4-a97d-d965ccfc6d4b" outcome="Passed" testListId="8c84fa94-04c1-424b-9868-57a2d4851a1d" relativeResultsDirectory="f05443af-7621-4f0d-a794-70d57af5afb9">
    </UnitTestResult>
    <UnitTestResult executionId="3efb9147-6332-4046-b069-d5b983c16388" testId="0c81b5c7-d87f-0085-7735-0fe4a8c9432b" testName="DecryptTest" computerName="TEST10-PC" duration="00:00:00.0010573" startTime="2012-06-19T14:44:21.4797744+02:00" endTime="2012-06-19T14:44:21.4827745+02:00" testType="13cdc9d9-ddb5-4fa4-a97d-d965ccfc6d4b" outcome="Passed" testListId="8c84fa94-04c1-424b-9868-57a2d4851a1d" relativeResultsDirectory="3efb9147-6332-4046-b069-d5b983c16388">
    </UnitTestResult>
    <UnitTestResult executionId="0d995563-bc89-49ea-be18-8f9f2eee9184" testId="101c9313-fa28-76da-694b-0c0428420f0c" testName="DecryptTest" computerName="TEST10-PC" duration="00:00:00.0011166" startTime="2012-06-19T14:44:21.4837746+02:00" endTime="2012-06-19T14:44:21.4867748+02:00" testType="13cdc9d9-ddb5-4fa4-a97d-d965ccfc6d4b" outcome="Passed" testListId="8c84fa94-04c1-424b-9868-57a2d4851a1d" relativeResultsDirectory="0d995563-bc89-49ea-be18-8f9f2eee9184">
    </UnitTestResult>
    <UnitTestResult executionId="891a3b67-059a-414a-b220-9033406d9edb" testId="338d153e-d489-1013-4c3b-76121ba93597" testName="EncryptTest" computerName="TEST10-PC" duration="00:00:00.0028675" startTime="2012-06-19T14:44:21.4867748+02:00" endTime="2012-06-19T14:44:21.4917751+02:00" testType="13cdc9d9-ddb5-4fa4-a97d-d965ccfc6d4b" outcome="Passed" testListId="8c84fa94-04c1-424b-9868-57a2d4851a1d" relativeResultsDirectory="891a3b67-059a-414a-b220-9033406d9edb">
    </UnitTestResult>
    <UnitTestResult executionId="12bf30a8-7bbd-4727-8b4f-9cfbe6ee042f" testId="7eed629f-431a-5d0f-a7a2-31704e7fbfb6" testName="DecryptTest" computerName="TEST10-PC" duration="00:00:00.0003367" startTime="2012-06-19T14:44:21.4927751+02:00" endTime="2012-06-19T14:44:21.4947752+02:00" testType="13cdc9d9-ddb5-4fa4-a97d-d965ccfc6d4b" outcome="Passed" testListId="8c84fa94-04c1-424b-9868-57a2d4851a1d" relativeResultsDirectory="12bf30a8-7bbd-4727-8b4f-9cfbe6ee042f">
    </UnitTestResult>
    <UnitTestResult executionId="d2700ed5-fc4b-4cb7-b628-b87c8ca0eb96" testId="8f11df6b-c3eb-6b03-4200-9f4b086ab654" testName="DecryptTest" computerName="TEST10-PC" duration="00:00:00.0008588" startTime="2012-06-19T14:44:21.4957753+02:00" endTime="2012-06-19T14:44:21.4987755+02:00" testType="13cdc9d9-ddb5-4fa4-a97d-d965ccfc6d4b" outcome="Passed" testListId="8c84fa94-04c1-424b-9868-57a2d4851a1d" relativeResultsDirectory="d2700ed5-fc4b-4cb7-b628-b87c8ca0eb96">
    </UnitTestResult>
    <UnitTestResult executionId="e3aacb31-6f4b-429c-a1b3-76e5be680eb6" testId="916d3501-990b-dcac-4a6a-2e6e7d026822" testName="DecryptTest" computerName="TEST10-PC" duration="00:00:00.0011112" startTime="2012-06-19T14:44:21.4997755+02:00" endTime="2012-06-19T14:44:21.5037757+02:00" testType="13cdc9d9-ddb5-4fa4-a97d-d965ccfc6d4b" outcome="Passed" testListId="8c84fa94-04c1-424b-9868-57a2d4851a1d" relativeResultsDirectory="e3aacb31-6f4b-429c-a1b3-76e5be680eb6">
    </UnitTestResult>
    <UnitTestResult executionId="bee96faa-6a18-467d-b23b-cc9d653cc138" testId="92561371-9d08-9758-ae0e-76f51818d65f" testName="EncryptTest" computerName="TEST10-PC" duration="00:00:00.0003629" startTime="2012-06-19T14:44:21.5047758+02:00" endTime="2012-06-19T14:44:21.5067759+02:00" testType="13cdc9d9-ddb5-4fa4-a97d-d965ccfc6d4b" outcome="Passed" testListId="8c84fa94-04c1-424b-9868-57a2d4851a1d" relativeResultsDirectory="bee96faa-6a18-467d-b23b-cc9d653cc138">
    </UnitTestResult>
    <UnitTestResult executionId="1cf950be-ff0a-45d2-a33d-5301849d8b05" testId="ba7a8056-5d1b-30ed-0415-42bf2eacea84" testName="DecryptTest" computerName="TEST10-PC" duration="00:00:00.0027780" startTime="2012-06-19T14:44:21.5087760+02:00" endTime="2012-06-19T14:44:21.5127763+02:00" testType="13cdc9d9-ddb5-4fa4-a97d-d965ccfc6d4b" outcome="Passed" testListId="8c84fa94-04c1-424b-9868-57a2d4851a1d" relativeResultsDirectory="1cf950be-ff0a-45d2-a33d-5301849d8b05">
    </UnitTestResult>
    <UnitTestResult executionId="017ac836-a418-415a-ac02-46376a9b0e3c" testId="d182f457-02ae-d932-4aa2-36109c224cce" testName="EncryptTest" computerName="TEST10-PC" duration="00:00:00.0006702" startTime="2012-06-19T14:44:21.5137763+02:00" endTime="2012-06-19T14:44:21.5167765+02:00" testType="13cdc9d9-ddb5-4fa4-a97d-d965ccfc6d4b" outcome="Passed" testListId="8c84fa94-04c1-424b-9868-57a2d4851a1d" relativeResultsDirectory="017ac836-a418-415a-ac02-46376a9b0e3c">
    </UnitTestResult>
    <UnitTestResult executionId="e662843e-dced-41fa-a25e-900c049c98e1" testId="d8c546af-5f37-7f4c-236f-19392fd050e5" testName="EncryptTest" computerName="TEST10-PC" duration="00:00:00.0003473" startTime="2012-06-19T14:44:21.5187766+02:00" endTime="2012-06-19T14:44:21.5217768+02:00" testType="13cdc9d9-ddb5-4fa4-a97d-d965ccfc6d4b" outcome="Passed" testListId="8c84fa94-04c1-424b-9868-57a2d4851a1d" relativeResultsDirectory="e662843e-dced-41fa-a25e-900c049c98e1">
    </UnitTestResult>
    <UnitTestResult executionId="1954da32-8ada-4062-82a0-ee7343d18201" testId="e94181de-435f-78ea-f2c0-e5f1a1c90d3c" testName="EncryptTest" computerName="TEST10-PC" duration="00:00:00.0003611" startTime="2012-06-19T14:44:21.5217768+02:00" endTime="2012-06-19T14:44:21.5247769+02:00" testType="13cdc9d9-ddb5-4fa4-a97d-d965ccfc6d4b" outcome="Passed" testListId="8c84fa94-04c1-424b-9868-57a2d4851a1d" relativeResultsDirectory="1954da32-8ada-4062-82a0-ee7343d18201">
    </UnitTestResult>
  </Results>
</TestRun>