<?xml version="1.0" encoding="UTF-8"?>
<TestRun id="8778aaa0-8469-4b10-86a1-31f6b3bf3e93" name="test10@TEST10-PC 2012-06-19 15:03:15" runUser="test10-PC\test10" xmlns="http://microsoft.com/schemas/VisualStudio/TeamTest/2010">
  <TestSettings name="Local" id="4bb0a581-7075-47b7-ba43-58a6bb142cdb">
    <Description>These are default test settings for a local test run.</Description>
    <Deployment enabled="false" runDeploymentRoot="test10_TEST10-PC 2012-06-19 15_03_15">
      <DeploymentItem filename="C:\Users\test10\Desktop\ClassicalEncryptionTechniques_Code\Services\bin\Debug\Services.dll" />
    </Deployment>
    <Execution>
      <TestTypeSpecific />
      <AgentRule name="Execution Agents">
      </AgentRule>
    </Execution>
  </TestSettings>
  <Times creation="2012-06-19T15:03:15.0526110+02:00" queuing="2012-06-19T15:03:15.1536168+02:00" start="2012-06-19T15:03:15.1586171+02:00" finish="2012-06-19T15:03:15.3456278+02:00" />
  <ResultSummary outcome="Completed">
    <Counters total="1" executed="1" passed="1" error="0" failed="0" timeout="0" aborted="0" inconclusive="0" passedButRunAborted="0" notRunnable="0" notExecuted="0" disconnected="0" warning="0" completed="0" inProgress="0" pending="0" />
  </ResultSummary>
  <TestDefinitions>
    <UnitTest name="EncryptTest" storage="c:\users\test10\desktop\classicalencryptiontechniques_code\unittests\bin\debug\unittests.dll" id="d8c546af-5f37-7f4c-236f-19392fd050e5">
      <Execution id="923b5b41-48cc-4008-bb88-068869347b1b" />
      <TestMethod codeBase="C:/Users/test10/Desktop/ClassicalEncryptionTechniques_Code/UnitTests/bin/Debug/UnitTests.DLL" adapterTypeName="Microsoft.VisualStudio.TestTools.TestTypes.Unit.UnitTestAdapter, Microsoft.VisualStudio.QualityTools.Tips.UnitTest.Adapter, Version=10.0.0.0, Culture=neutral, PublicKeyToken=b03f5f7f11d50a3a" className="UnitTests.AutoKeyTest, UnitTests, Version=1.0.0.0, Culture=neutral, PublicKeyToken=null" name="EncryptTest" />
    </UnitTest>
  </TestDefinitions>
  <TestLists>
    <TestList name="Results Not in a List" id="8c84fa94-04c1-424b-9868-57a2d4851a1d" />
    <TestList name="All Loaded Results" id="19431567-8539-422a-85d7-44ee4e166bda" />
  </TestLists>
  <TestEntries>
    <TestEntry testId="d8c546af-5f37-7f4c-236f-19392fd050e5" executionId="923b5b41-48cc-4008-bb88-068869347b1b" testListId="8c84fa94-04c1-424b-9868-57a2d4851a1d" />
  </TestEntries>
  <Results>
    <UnitTestResult executionId="923b5b41-48cc-4008-bb88-068869347b1b" testId="d8c546af-5f37-7f4c-236f-19392fd050e5" testName="EncryptTest" computerName="TEST10-PC" duration="00:00:00.0154760" startTime="2012-06-19T15:03:15.1596171+02:00" endTime="2012-06-19T15:03:15.3296269+02:00" testType="13cdc9d9-ddb5-4fa4-a97d-d965ccfc6d4b" outcome="Passed" testListId="8c84fa94-04c1-424b-9868-57a2d4851a1d" relativeResultsDirectory="923b5b41-48cc-4008-bb88-068869347b1b">
    </UnitTestResult>
  </Results>
</TestRun>